This is TeX, C Version 3.0 (format=lplain 90.8.10)  25 JAN 1994 14:02
**&latex man1
(man1.tex
LaTeX Version 2.09 <9 Jan 1990>
(/usr/local/tex/latex/macros/article.sty
Document Style `article'. Modified at TUW, 30 May 1989
(/usr/local/tex/latex/macros/art10.sty)
\c@part=\count79
\c@section=\count80
\c@subsection=\count81
\c@subsubsection=\count82
\c@paragraph=\count83
\c@subparagraph=\count84
\c@figure=\count85
\c@table=\count86
) (troffman.sty
\singlespacing=\dimen99
\parmargin=\skip41
)
No file man1.aux.
[NAME]
[SYNOPSIS]
[DESCRIPTION]
[OPTIONS]
[SEE ALSO]
[AUTHOR]
[BUGS]
[1

]
[NAME]
[SYNOPSIS]
[DESCRIPTION]
[OPTIONS]
[SEE ALSO]
[AUTHOR]
[BUGS]
[2]
[NAME]
[SYNOPSIS]
[DESCRIPTION]
[OPTIONS]
[SEE ALSO]
[AUTHOR]
[BUGS]
[3]
[NAME]
[SYNOPSIS]
[DESCRIPTION]
[OPTIONS]
[SEE ALSO]
[AUTHOR]
[4]
[NAME]
[SYNOPSIS]
[DESCRIPTION]
[5]
[FILES]
[SEE ALSO]
[AUTHOR]
[BUGS]
[6]
[NAME]
[SYNOPSIS]
[DESCRIPTION]
[OPTIONS]
[SEE ALSO]
[AUTHORS]
[BUGS]
[7]
[NAME]
[SYNOPSIS]
[DESCRIPTION]
[OPTIONS]
[8]
[NOTE]
[SEE ALSO]
[AUTHOR]
[9]
[NAME]
[SYNOPSIS]
[DESCRIPTION]
[OPTIONS]
[SEE ALSO]
[AUTHOR]
[DEFICIENCIES]
[10] [11]
[NAME]
[SYNOPSIS]
[DESCRIPTION]
[OPTIONS]
[SEE ALSO]
[AUTHOR]
[BUGS]
[12]
[NAME]
[SYNOPSIS]
[DESCRIPTION]
[OPTIONS]
[SEE ALSO]
[AUTHOR]
[13]
[NAME]
[SYNOPSIS]
[DESCRIPTION]
[OPTIONS]
[FILES]
[SEE ALSO]
[AUTHOR]
[BUGS]
[14] [15]
[NAME]
[SYNOPSIS]
[DESCRIPTION]
[SEE ALSO]
[AUTHOR]
[LIMITATIONS]
[16]
[NAME]
[SYNOPSIS]
[DESCRIPTION]
[SEE ALSO]
[AUTHOR]
[BUGS]
[17]
[NAME]
[SYNOPSIS]
[DESCRIPTION]
[OPTIONS]
[SEE ALSO]
[AUTHOR]
[18]
[NAME]
[SYNOPSIS]
[DESCRIPTION]
[OPTIONS]
[SEE ALSO]
[AUTHOR]
[BUGS]
[DEFICIENCIES]
[19]
[NAME]
[SYNOPSIS]
[DESCRIPTION]
[OPTIONS]
[SEE ALSO]
[AUTHOR]
[20]
[NAME]
[SYNOPSIS]
[DESCRIPTION]
[OPTIONS]
[SEE ALSO]
[AUTHOR]
[BUGS]
[21]
[NAME]
[SYNOPSIS]
[DESCRIPTION]
[OPTIONS]
[SEE ALSO]
[AUTHOR]
[BUGS]
[22]
[NAME]
[SYNOPSIS]
[DESCRIPTION]
[OPTIONS]
[23]
[SEE ALSO]
[AUTHOR]
[BUGS]
[24]
[NAME]
[SYNOPSIS]
[DESCRIPTION]
[SEE ALSO]
[AUTHOR]
[25]
[NAME]
[SYNOPSIS]
[DESCRIPTION]
[OPTIONS]
[26]
[SEE ALSO]
[AUTHOR]
[27]
[BUGS]
[DEFICIENCIES]
[28]
[NAME]
[SYNOPSIS]
[DESCRIPTION]
[OPTIONS]
[MISC]
[SEE ALSO]
[AUTHOR]
[BUGS]
[29]
[NAME]
[SYNOPSIS]
[DESCRIPTION]
[OPTIONS]
[SEE ALSO]
[AUTHOR]
[30]
[NAME]
[SYNOPSIS]
[DESCRIPTION]
[SEE ALSO]
[BUGS]
[31]
[NAME]
[SYNOPSIS]
[DESCRIPTION]
[OPTIONS]
[SEE ALSO]
[AUTHOR]
[BUGS]
[32]
[NAME]
[SYNOPSIS]
[DESCRIPTION]
[SEE ALSO]
[AUTHOR]
[BUGS]
[33]
[NAME]
[SYNOPSIS]
[DESCRIPTION]
[OPTIONS]
[SEE ALSO]
[AUTHOR]
[34]
[NAME]
[SYNOPSIS]
[DESCRIPTION]
[OPTIONS]
[EXAMPLES]
[SEE ALSO]
[AUTHOR]
[35] [36]
[NAME]
[SYNOPSIS]
[DESCRIPTION]
[OPTIONS]
[EXAMPLES]
[SEE ALSO]
[AUTHOR]
[37] [38]
[NAME]
[SYNOPSIS]
[DESCRIPTION]
[OPTIONS]
[SEE ALSO]
[AUTHOR]
[BUGS]
[39]
[NAME]
[SYNOPSIS]
[DESCRIPTION]
[OPTIONS]
[SEE ALSO]
[AUTHOR]
[BUGS]
[40]
[NAME]
[SYNOPSIS]
[DESCRIPTION]
[OPTIONS]
[EXAMPLES]
[41]
[SEE ALSO]
[AUTHOR]
[42]
[NAME]
[SYNOPSIS]
[DESCRIPTION]
[OPTIONS]
[SEE ALSO]
[AUTHOR]
[43]
[NAME]
[SYNOPSIS]
[DESCRIPTION]
[OPTIONS]
[DIAGNOSTICS]
[SEE ALSO]
[AUTHORS]
[44]
[NAME]
[SYNOPSIS]
[DESCRIPTION]
[OPTIONS]
[EXAMPLES]
[SEE ALSO]
[AUTHOR]
[45] [46]
[NAME]
[SYNOPSIS]
[DESCRIPTION]
[OPTIONS]
[47]
[EXAMPLES]
[SEE ALSO]
[AUTHOR]
[BUGS]
[48]
[NAME]
[SYNOPSIS]
[DESCRIPTION]
[OPTIONS]
[SEE ALSO]
[AUTHOR]
[49]
[NAME]
[SYNOPSIS]
[DESCRIPTION]
[OPTIONS]
[SEE ALSO]
[AUTHOR]
[50]
[NAME]
[SYNOPSIS]
[DESCRIPTION]
[OPTIONS]
[SEE ALSO]
[AUTHOR]
[51]
[NAME]
[SYNOPSIS]
[DESCRIPTION]
[OPTIONS]
[SEE ALSO]
[AUTHOR]
[52]
[NAME]
[SYNOPSIS]
[DESCRIPTION]
[SEE ALSO]
[AUTHORS]
[BUGS]
[53]
[NAME]
[SYNOPSIS]
[DESCRIPTION]
[OPTIONS]
[SEE ALSO]
[AUTHOR]
[54]
[NAME]
[SYNOPSIS]
[DESCRIPTION]
[OPTIONS]
[SEE ALSO]
[AUTHOR]
[55]
[NAME]
[SYNOPSIS]
[DESCRIPTION]
[SEE ALSO]
[AUTHORS]
[56]
[NAME]
[SYNOPSIS]
[DESCRIPTION]
[OPTIONS]
[57]
[SEE ALSO]
[AUTHOR]
[58]
[NAME]
[SYNOPSIS]
[DESCRIPTION]
[OPTIONS]
[SEE ALSO]
[AUTHOR]
[BUGS]
[59]
[NAME]
[SYNOPSIS]
[DESCRIPTION]
[OPTIONS]
[SEE ALSO]
[AUTHOR]
[BUGS]
[60]
[NAME]
[SYNOPSIS]
[DESCRIPTION]
[OPTIONS]
[SEE ALSO]
[AUTHOR]
[BUGS]
[61]
[NAME]
[SYNOPSIS]
[DESCRIPTION]
[SEE ALSO]
[AUTHOR]
[BUGS]
[62]
[NAME]
[SYNOPSIS]
[DESCRIPTION]
[SEE ALSO]
[AUTHOR]
[BUGS]
[63]
[NAME]
[SYNOPSIS]
[DESCRIPTION]
[OPTIONS]
[SEE ALSO]
[AUTHOR]
[BUGS]
[64]
[NAME]
[SYNOPSIS]
[DESCRIPTION]
[OPTIONS]
[EXAMPLES]
[SEE ALSO]
[AUTHOR]
[65]
[NAME]
[SYNOPSIS]
[DESCRIPTION]
[OPTIONS]
[AUTHORS]
[SEE ALSO]
[BUGS]
[66]
[NAME]
[SYNOPSIS]
[DESCRIPTION]
[OPTIONS]
[SEE ALSO]
[AUTHOR]
[67]
[NAME]
[SYNOPSIS]
[DESCRIPTION]
[OPTIONS]
[SEE ALSO]
[AUTHOR]
[68]
[NAME]
[SYNOPSIS]
[DESCRIPTION]
[SEE ALSO]
[AUTHOR]
[69]
[NAME]
[SYNOPSIS]
[DESCRIPTION]
[SEE ALSO]
[AUTHOR]
[70]
[NAME]
[SYNOPSIS]
[DESCRIPTION]
[OPTIONS]
[SEE ALSO]
[AUTHOR]
[71]
[NAME]
[SYNOPSIS]
[DESCRIPTION]
[EXAMPLE]
[OPTIONS]
[SEE ALSO]
[AUTHOR]
[BUGS]
[72] [73]
[NAME]
[SYNOPSIS]
[DESCRIPTION]
[OPTIONS]
[SEE ALSO]
[AUTHOR]
[DEFICIENCIES]
[74]
[NAME]
[SYNOPSIS]
[DESCRIPTION]
[OPTIONS]
[SEE ALSO]
[AUTHOR]
[75]
[NAME]
[SYNOPSIS]
[DESCRIPTION]
[OPTIONS]
[SEE ALSO]
[AUTHOR]
[76]
[NAME]
[SYNOPSIS]
[DESCRIPTION]
[OPTIONS]
[SEE ALSO]
[AUTHOR]
[BUGS]
[77]
[NAME]
[SYNOPSIS]
[DESCRIPTION]
[OPTIONS]
[EXAMPLES]
[SEE ALSO]
[AUTHOR]
[78]
[NAME]
[SYNOPSIS]
[DESCRIPTION]
[OPTIONS]
[NOTES]
[SEE ALSO]
[AUTHORS]
[BUGS]
[79]
[NAME]
[SYNOPSIS]
[DESCRIPTION]
[SEE ALSO]
[AUTHOR]
[80]
[NAME]
[SYNOPSIS]
[DESCRIPTION]
[OPTIONS]
[SEE ALSO]
[AUTHOR]
[BUGS]
[81]
[NAME]
[SYNOPSIS]
[DESCRIPTION]
[OPTIONS]
[EXAMPLES]
[SEE ALSO]
[AUTHOR]
[82]
[NAME]
[SYNOPSIS]
[DESCRIPTION]
[OPTIONS]
[SEE ALSO]
[AUTHOR]
[83]
[NAME]
[SYNOPSIS]
[DESCRIPTION]
[SEE ALSO]
[AUTHOR]
[84]
[NAME]
[SYNOPSIS]
[DESCRIPTION]
[SEE ALSO]
[AUTHOR]
[BUGS]
[85]
[NAME]
[SYNOPSIS]
[DESCRIPTION]
[OPTIONS]
[SEE ALSO]
[AUTHOR]
[86]
[NAME]
[SYNOPSIS]
[DESCRIPTION]
[OPTIONS]
[FILES]
[SEE ALSO]
[AUTHOR]
[BUGS]
[87]
[NAME]
[SYNOPSIS]
[DESCRIPTION]
[OPTIONS]
[SEE ALSO]
[AUTHOR]
[88]
[NAME]
[SYNOPSIS]
[DESCRIPTION]
[OPTIONS]
[SEE ALSO]
[AUTHOR]
[89]
[NAME]
[SYNOPSIS]
[DESCRIPTION]
[SEE ALSO]
[AUTHOR]
[90]
[NAME]
[SYNOPSIS]
[DESCRIPTION]
[OPTIONS]
[SEE ALSO]
[AUTHOR]
[BUGS]
[91]
[NAME]
[SYNOPSIS]
[DESCRIPTION]
[SEE ALSO]
[AUTHOR]
[BUGS]
[92]
[NAME]
[SYNOPSIS]
[93]
[DESCRIPTION]
[94]
[SEE ALSO]
[AUTHOR]
[95] [96]
[NAME]
[SYNOPSIS]
[DESCRIPTION]
[SEE ALSO]
[AUTHOR]
[97] (man1.aux) ) 
Here is how much of TeX's memory you used:
 176 strings out of 1357
 1634 string characters out of 8287
 34430 words of memory out of 65531
 2128 multiletter control sequences out of 3000
 18996 words of font info for 72 fonts, out of 36000 for 120
 14 hyphenation exceptions out of 307
 14i,7n,15p,166b,155s stack positions out of 200i,40n,60p,2000b,2000s

Output written on man1.dvi (97 pages, 204612 bytes).
