This is TeX, C Version 3.0 (format=lplain 90.8.10)  25 JAN 1994 14:05
**&latex man3
(man3.tex
LaTeX Version 2.09 <9 Jan 1990>
(/usr/local/tex/latex/macros/article.sty
Document Style `article'. Modified at TUW, 30 May 1989
(/usr/local/tex/latex/macros/art10.sty)
\c@part=\count79
\c@section=\count80
\c@subsection=\count81
\c@subsubsection=\count82
\c@paragraph=\count83
\c@subparagraph=\count84
\c@figure=\count85
\c@table=\count86
) (troffman.sty
\singlespacing=\dimen99
\parmargin=\skip41
)
No file man3.aux.
[NAME]
[SYNOPSIS]
[DESCRIPTION]
[NOTES]
[SEE ALSO]
[AUTHOR]
[1

]
[NAME]
[SYNOPSIS]
[DESCRIPTION]
[2]
[AUTHOR]
[REFERENCE]
[SEE ALSO]
[3]
[NAME]
[SYNOPSIS]
[DESCRIPTION]
[4]
[SEE ALSO]
[AUTHOR]
[5]
[NAME]
[SYNOPSIS]
[DESCRIPTION]
[SEE ALSO]
[AUTHOR]
[6]
[NAME]
[SYNOPSIS]
[DESCRIPTION]
[SEE ALSO]
[AUTHOR]
[7]
[NAME]
[SYNOPSIS]
[DESCRIPTION]
[SEE ALSO]
[AUTHOR]
[8]
[NAME]
[SYNOPSIS]
[DESCRIPTION]
[SEE ALSO]
[AUTHOR]
[9]
[NAME]
[SYNOPSIS]
[DESCRIPTION]
[SEE ALSO]
[AUTHOR]
[10]
[NAME]
[SYNOPSIS]
[DESCRIPTION]
[SEE ALSO]
[AUTHOR]
[11]
[NAME]
[SYNOPSIS]
[DESCRIPTION]
[EXAMPLE]
[SEE ALSO]
[12]
[AUTHOR]
[13]
[NAME]
[SYNOPSIS]
[DESCRIPTION]
[NOTES]
[EXAMPLE]
[SEE ALSO]
[14]
[AUTHOR]
[15]
[NAME]
[SYNOPSIS]
[DESCRIPTION]
[SEE ALSO]
[AUTHOR]
[16]
[NAME]
[SYNOPSIS]
[DESCRIPTION]
[FIELDS]
[17]
[MACROS]
[SEE ALSO]
[AUTHOR]
[18]
[NAME]
[SYNOPSIS]
[DESCRIPTION]
[SEE ALSO]
[AUTHOR]
[19]
[NAME]
[SYNOPSIS]
[DESCRIPTION]
[SEE ALSO]
[AUTHOR]
[BUGS]
[20]
[NAME]
[SYNOPSIS]
[DESCRIPTION]
[SEE ALSO]
[AUTHOR]
[21]
[NAME]
[SYNOPSIS]
[DESCRIPTION]
[SEE ALSO]
[AUTHOR]
[22]
[NAME]
[SYNOPSIS]
[DESCRIPTION]
[SEE ALSO]
[AUTHOR]
[23]
[NAME]
[SYNOPSIS]
[DESCRIPTION]
[SEE ALSO]
[AUTHOR]
[24]
[NAME]
[SYNOPSIS]
[DESCRIPTION]
[SEE ALSO]
[AUTHOR]
[BUGS]
[25]
[NAME]
[SYNOPSIS]
[DESCRIPTION]
[SEE ALSO]
[AUTHOR]
[BUGS]
[26]
[NAME]
[SYNOPSIS]
[DESCRIPTION]
[SEE ALSO]
[AUTHOR]
[27]
[NAME]
[SYNOPSIS]
[DESCRIPTION]
[SEE ALSO]
[AUTHOR]
[28]
[NAME]
[SYNOPSIS]
[DESCRIPTION]
[SEE ALSO]
[AUTHOR]
[BUGS]
[29]
[NAME]
[SYNOPSIS]
[DESCRIPTION]
[30] [31] [32]
[SEE ALSO]
[DIAGNOSTICS]
[AUTHOR]
[BUGS]
[33] (man3.aux) ) 
Here is how much of TeX's memory you used:
 176 strings out of 1357
 1634 string characters out of 8287
 33817 words of memory out of 65531
 2128 multiletter control sequences out of 3000
 18996 words of font info for 72 fonts, out of 36000 for 120
 14 hyphenation exceptions out of 307
 12i,6n,15p,166b,162s stack positions out of 200i,40n,60p,2000b,2000s

Output written on man3.dvi (33 pages, 82212 bytes).
